<?xml version="1.0" encoding="UTF-8"?>
<coverage generated="1774691140257" clover="3.2.0">
  <project timestamp="1774691140257" name="All files">
    <metrics statements="198" coveredstatements="125" conditionals="89" coveredconditionals="45" methods="48" coveredmethods="31" elements="335" coveredelements="201" complexity="0" loc="198" ncloc="198" packages="1" files="1" classes="1"/>
    <file name="app.js" path="/Users/khushijain/Desktop/AI_promtWars/app.js">
      <metrics statements="198" coveredstatements="125" conditionals="89" coveredconditionals="45" methods="48" coveredmethods="31"/>
      <line num="9" count="1" type="stmt"/>
      <line num="18" count="1" type="stmt"/>
      <line num="19" count="1" type="stmt"/>
      <line num="20" count="14" type="stmt"/>
      <line num="21" count="9" type="stmt"/>
      <line num="22" count="12" type="stmt"/>
      <line num="23" count="12" type="stmt"/>
      <line num="24" count="8" type="stmt"/>
      <line num="25" count="5" type="stmt"/>
      <line num="26" count="3" type="stmt"/>
      <line num="27" count="3" type="stmt"/>
      <line num="28" count="6" type="stmt"/>
      <line num="29" count="3" type="stmt"/>
      <line num="30" count="12" type="stmt"/>
      <line num="31" count="9" type="stmt"/>
      <line num="32" count="11" type="stmt"/>
      <line num="33" count="3" type="stmt"/>
      <line num="34" count="1" type="stmt"/>
      <line num="35" count="3" type="stmt"/>
      <line num="42" count="1" type="stmt"/>
      <line num="50" count="9" type="stmt"/>
      <line num="52" count="9" type="cond" truecount="2" falsecount="0"/>
      <line num="53" count="4" type="stmt"/>
      <line num="54" count="4" type="stmt"/>
      <line num="55" count="4" type="cond" truecount="3" falsecount="1"/>
      <line num="56" count="4" type="cond" truecount="3" falsecount="1"/>
      <line num="58" count="9" type="cond" truecount="2" falsecount="0"/>
      <line num="59" count="2" type="stmt"/>
      <line num="60" count="2" type="stmt"/>
      <line num="61" count="2" type="cond" truecount="2" falsecount="2"/>
      <line num="62" count="2" type="cond" truecount="2" falsecount="2"/>
      <line num="64" count="9" type="stmt"/>
      <line num="71" count="1" type="stmt"/>
      <line num="77" count="1" type="cond" truecount="1" falsecount="1"/>
      <line num="79" count="0" type="stmt"/>
      <line num="80" count="0" type="stmt"/>
      <line num="81" count="0" type="stmt"/>
      <line num="82" count="0" type="stmt"/>
      <line num="83" count="0" type="stmt"/>
      <line num="84" count="0" type="stmt"/>
      <line num="85" count="0" type="stmt"/>
      <line num="86" count="0" type="stmt"/>
      <line num="88" count="0" type="cond" truecount="0" falsecount="2"/>
      <line num="89" count="0" type="stmt"/>
      <line num="90" count="0" type="stmt"/>
      <line num="93" count="0" type="stmt"/>
      <line num="94" count="0" type="stmt"/>
      <line num="95" count="0" type="stmt"/>
      <line num="96" count="0" type="stmt"/>
      <line num="98" count="0" type="stmt"/>
      <line num="99" count="0" type="stmt"/>
      <line num="106" count="0" type="stmt"/>
      <line num="107" count="0" type="stmt"/>
      <line num="108" count="0" type="stmt"/>
      <line num="112" count="0" type="stmt"/>
      <line num="122" count="3" type="cond" truecount="2" falsecount="0"/>
      <line num="125" count="1" type="stmt"/>
      <line num="126" count="1" type="stmt"/>
      <line num="128" count="1" type="stmt"/>
      <line num="129" count="1" type="stmt"/>
      <line num="130" count="1" type="stmt"/>
      <line num="131" count="1" type="stmt"/>
      <line num="139" count="0" type="cond" truecount="0" falsecount="2"/>
      <line num="140" count="0" type="cond" truecount="0" falsecount="2"/>
      <line num="141" count="0" type="stmt"/>
      <line num="142" count="0" type="stmt"/>
      <line num="145" count="0" type="stmt"/>
      <line num="146" count="0" type="stmt"/>
      <line num="148" count="0" type="stmt"/>
      <line num="149" count="0" type="stmt"/>
      <line num="150" count="0" type="stmt"/>
      <line num="151" count="0" type="stmt"/>
      <line num="154" count="0" type="stmt"/>
      <line num="155" count="0" type="stmt"/>
      <line num="156" count="0" type="stmt"/>
      <line num="159" count="0" type="stmt"/>
      <line num="160" count="0" type="stmt"/>
      <line num="161" count="0" type="cond" truecount="0" falsecount="2"/>
      <line num="162" count="0" type="stmt"/>
      <line num="165" count="0" type="stmt"/>
      <line num="173" count="1" type="cond" truecount="1" falsecount="1"/>
      <line num="174" count="1" type="stmt"/>
      <line num="177" count="1" type="stmt"/>
      <line num="178" count="1" type="cond" truecount="1" falsecount="1"/>
      <line num="179" count="1" type="stmt"/>
      <line num="181" count="1" type="stmt"/>
      <line num="182" count="1" type="stmt"/>
      <line num="183" count="1" type="stmt"/>
      <line num="185" count="1" type="cond" truecount="1" falsecount="1"/>
      <line num="186" count="0" type="stmt"/>
      <line num="187" count="0" type="stmt"/>
      <line num="189" count="0" type="stmt"/>
      <line num="190" count="0" type="stmt"/>
      <line num="191" count="0" type="stmt"/>
      <line num="193" count="0" type="cond" truecount="0" falsecount="2"/>
      <line num="194" count="0" type="cond" truecount="0" falsecount="2"/>
      <line num="196" count="0" type="stmt"/>
      <line num="197" count="0" type="stmt"/>
      <line num="199" count="0" type="stmt"/>
      <line num="202" count="1" type="stmt"/>
      <line num="203" count="1" type="stmt"/>
      <line num="205" count="1" type="stmt"/>
      <line num="207" count="1" type="stmt"/>
      <line num="218" count="1" type="cond" truecount="1" falsecount="1"/>
      <line num="219" count="0" type="stmt"/>
      <line num="220" count="0" type="cond" truecount="0" falsecount="2"/>
      <line num="223" count="1" type="stmt"/>
      <line num="226" count="1" type="stmt"/>
      <line num="236" count="1" type="stmt"/>
      <line num="238" count="1" type="stmt"/>
      <line num="239" count="1" type="stmt"/>
      <line num="242" count="0" type="stmt"/>
      <line num="243" count="0" type="stmt"/>
      <line num="244" count="0" type="stmt"/>
      <line num="245" count="0" type="stmt"/>
      <line num="246" count="0" type="stmt"/>
      <line num="247" count="0" type="stmt"/>
      <line num="248" count="0" type="stmt"/>
      <line num="251" count="1" type="stmt"/>
      <line num="260" count="9" type="stmt"/>
      <line num="261" count="9" type="cond" truecount="1" falsecount="1"/>
      <line num="263" count="9" type="cond" truecount="1" falsecount="1"/>
      <line num="264" count="9" type="stmt"/>
      <line num="265" count="9" type="stmt"/>
      <line num="268" count="0" type="stmt"/>
      <line num="278" count="0" type="stmt"/>
      <line num="279" count="0" type="cond" truecount="0" falsecount="2"/>
      <line num="287" count="3" type="stmt"/>
      <line num="290" count="3" type="cond" truecount="4" falsecount="0"/>
      <line num="291" count="3" type="stmt"/>
      <line num="292" count="3" type="cond" truecount="1" falsecount="1"/>
      <line num="293" count="3" type="stmt"/>
      <line num="294" count="3" type="cond" truecount="1" falsecount="1"/>
      <line num="295" count="0" type="stmt"/>
      <line num="297" count="3" type="stmt"/>
      <line num="300" count="3" type="stmt"/>
      <line num="301" count="3" type="stmt"/>
      <line num="302" count="3" type="cond" truecount="2" falsecount="0"/>
      <line num="305" count="3" type="stmt"/>
      <line num="306" count="15" type="stmt"/>
      <line num="307" count="15" type="stmt"/>
      <line num="308" count="15" type="cond" truecount="2" falsecount="0"/>
      <line num="309" count="2" type="stmt"/>
      <line num="310" count="2" type="stmt"/>
      <line num="315" count="3" type="stmt"/>
      <line num="316" count="3" type="stmt"/>
      <line num="317" count="3" type="stmt"/>
      <line num="318" count="1" type="stmt"/>
      <line num="319" count="1" type="stmt"/>
      <line num="320" count="1" type="stmt"/>
      <line num="321" count="1" type="stmt"/>
      <line num="322" count="1" type="cond" truecount="2" falsecount="0"/>
      <line num="323" count="1" type="stmt"/>
      <line num="330" count="1" type="stmt"/>
      <line num="333" count="3" type="stmt"/>
      <line num="334" count="3" type="stmt"/>
      <line num="335" count="3" type="stmt"/>
      <line num="338" count="3" type="stmt"/>
      <line num="339" count="3" type="stmt"/>
      <line num="340" count="3" type="stmt"/>
      <line num="347" count="1" type="stmt"/>
      <line num="348" count="1" type="stmt"/>
      <line num="349" count="1" type="stmt"/>
      <line num="350" count="1" type="stmt"/>
      <line num="357" count="9" type="stmt"/>
      <line num="358" count="9" type="cond" truecount="1" falsecount="1"/>
      <line num="360" count="9" type="stmt"/>
      <line num="361" count="0" type="cond" truecount="0" falsecount="2"/>
      <line num="362" count="0" type="stmt"/>
      <line num="365" count="9" type="stmt"/>
      <line num="367" count="9" type="stmt"/>
      <line num="368" count="0" type="cond" truecount="0" falsecount="2"/>
      <line num="369" count="0" type="stmt"/>
      <line num="370" count="0" type="stmt"/>
      <line num="375" count="9" type="stmt"/>
      <line num="376" count="9" type="stmt"/>
      <line num="377" count="9" type="stmt"/>
      <line num="378" count="0" type="stmt"/>
      <line num="379" count="0" type="cond" truecount="0" falsecount="2"/>
      <line num="380" count="0" type="stmt"/>
      <line num="381" count="0" type="stmt"/>
      <line num="386" count="9" type="stmt"/>
      <line num="387" count="45" type="stmt"/>
      <line num="388" count="0" type="stmt"/>
      <line num="393" count="9" type="stmt"/>
      <line num="394" count="1" type="stmt"/>
      <line num="395" count="1" type="stmt"/>
      <line num="396" count="1" type="stmt"/>
      <line num="397" count="1" type="stmt"/>
      <line num="398" count="1" type="stmt"/>
      <line num="402" count="9" type="stmt"/>
      <line num="403" count="2" type="stmt"/>
      <line num="404" count="2" type="stmt"/>
      <line num="408" count="9" type="stmt"/>
      <line num="412" count="1" type="cond" truecount="1" falsecount="1"/>
      <line num="413" count="1" type="cond" truecount="1" falsecount="1"/>
      <line num="414" count="0" type="stmt"/>
      <line num="417" count="1" type="stmt"/>
    </file>
  </project>
</coverage>
