{"/Users/khushijain/Desktop/AI_promtWars/app.js": {"path":"/Users/khushijain/Desktop/AI_promtWars/app.js","statementMap":{"0":{"start":{"line":9,"column":21},"end":{"line":13,"column":1}},"1":{"start":{"line":18,"column":11},"end":{"line":36,"column":1}},"2":{"start":{"line":19,"column":22},"end":{"line":19,"column":61}},"3":{"start":{"line":20,"column":20},"end":{"line":20,"column":55}},"4":{"start":{"line":21,"column":21},"end":{"line":21,"column":57}},"5":{"start":{"line":22,"column":22},"end":{"line":22,"column":59}},"6":{"start":{"line":23,"column":20},"end":{"line":23,"column":55}},"7":{"start":{"line":24,"column":22},"end":{"line":24,"column":59}},"8":{"start":{"line":25,"column":22},"end":{"line":25,"column":59}},"9":{"start":{"line":26,"column":20},"end":{"line":26,"column":55}},"10":{"start":{"line":27,"column":24},"end":{"line":27,"column":63}},"11":{"start":{"line":28,"column":20},"end":{"line":28,"column":55}},"12":{"start":{"line":29,"column":22},"end":{"line":29,"column":59}},"13":{"start":{"line":30,"column":22},"end":{"line":30,"column":63}},"14":{"start":{"line":31,"column":22},"end":{"line":31,"column":59}},"15":{"start":{"line":32,"column":26},"end":{"line":32,"column":67}},"16":{"start":{"line":33,"column":21},"end":{"line":33,"column":57}},"17":{"start":{"line":34,"column":22},"end":{"line":34,"column":59}},"18":{"start":{"line":35,"column":19},"end":{"line":35,"column":null}},"19":{"start":{"line":42,"column":17},"end":{"line":66,"column":2}},"20":{"start":{"line":50,"column":8},"end":{"line":50,"column":null}},"21":{"start":{"line":52,"column":8},"end":{"line":57,"column":null}},"22":{"start":{"line":53,"column":25},"end":{"line":53,"column":40}},"23":{"start":{"line":54,"column":25},"end":{"line":54,"column":38}},"24":{"start":{"line":55,"column":12},"end":{"line":55,"column":null}},"25":{"start":{"line":55,"column":22},"end":{"line":55,"column":null}},"26":{"start":{"line":56,"column":12},"end":{"line":56,"column":null}},"27":{"start":{"line":56,"column":22},"end":{"line":56,"column":null}},"28":{"start":{"line":58,"column":8},"end":{"line":63,"column":null}},"29":{"start":{"line":59,"column":26},"end":{"line":59,"column":41}},"30":{"start":{"line":60,"column":26},"end":{"line":60,"column":39}},"31":{"start":{"line":61,"column":12},"end":{"line":61,"column":null}},"32":{"start":{"line":61,"column":22},"end":{"line":61,"column":null}},"33":{"start":{"line":62,"column":12},"end":{"line":62,"column":null}},"34":{"start":{"line":62,"column":22},"end":{"line":62,"column":null}},"35":{"start":{"line":64,"column":8},"end":{"line":64,"column":null}},"36":{"start":{"line":71,"column":17},"end":{"line":115,"column":1}},"37":{"start":{"line":77,"column":8},"end":{"line":77,"column":null}},"38":{"start":{"line":77,"column":45},"end":{"line":77,"column":null}},"39":{"start":{"line":79,"column":8},"end":{"line":102,"column":null}},"40":{"start":{"line":80,"column":24},"end":{"line":80,"column":35}},"41":{"start":{"line":81,"column":12},"end":{"line":81,"column":null}},"42":{"start":{"line":82,"column":12},"end":{"line":101,"column":null}},"43":{"start":{"line":83,"column":31},"end":{"line":83,"column":63}},"44":{"start":{"line":84,"column":34},"end":{"line":84,"column":38}},"45":{"start":{"line":85,"column":28},"end":{"line":85,"column":37}},"46":{"start":{"line":86,"column":29},"end":{"line":86,"column":39}},"47":{"start":{"line":88,"column":16},"end":{"line":91,"column":null}},"48":{"start":{"line":89,"column":20},"end":{"line":89,"column":null}},"49":{"start":{"line":90,"column":20},"end":{"line":90,"column":null}},"50":{"start":{"line":93,"column":16},"end":{"line":93,"column":null}},"51":{"start":{"line":94,"column":16},"end":{"line":94,"column":null}},"52":{"start":{"line":95,"column":28},"end":{"line":95,"column":51}},"53":{"start":{"line":96,"column":16},"end":{"line":96,"column":null}},"54":{"start":{"line":98,"column":16},"end":{"line":100,"column":null}},"55":{"start":{"line":99,"column":20},"end":{"line":99,"column":null}},"56":{"start":{"line":106,"column":23},"end":{"line":106,"column":39}},"57":{"start":{"line":107,"column":8},"end":{"line":113,"column":null}},"58":{"start":{"line":108,"column":12},"end":{"line":111,"column":null}},"59":{"start":{"line":108,"column":37},"end":{"line":111,"column":14}},"60":{"start":{"line":112,"column":12},"end":{"line":112,"column":null}},"61":{"start":{"line":122,"column":4},"end":{"line":122,"column":null}},"62":{"start":{"line":122,"column":33},"end":{"line":122,"column":null}},"63":{"start":{"line":125,"column":4},"end":{"line":125,"column":null}},"64":{"start":{"line":126,"column":4},"end":{"line":126,"column":null}},"65":{"start":{"line":128,"column":4},"end":{"line":132,"column":12}},"66":{"start":{"line":129,"column":26},"end":{"line":129,"column":60}},"67":{"start":{"line":130,"column":8},"end":{"line":130,"column":null}},"68":{"start":{"line":131,"column":8},"end":{"line":131,"column":null}},"69":{"start":{"line":139,"column":30},"end":{"line":139,"column":88}},"70":{"start":{"line":140,"column":4},"end":{"line":143,"column":null}},"71":{"start":{"line":141,"column":8},"end":{"line":141,"column":null}},"72":{"start":{"line":142,"column":8},"end":{"line":142,"column":null}},"73":{"start":{"line":145,"column":24},"end":{"line":145,"column":47}},"74":{"start":{"line":146,"column":4},"end":{"line":146,"column":null}},"75":{"start":{"line":148,"column":4},"end":{"line":152,"column":null}},"76":{"start":{"line":149,"column":20},"end":{"line":149,"column":33}},"77":{"start":{"line":150,"column":8},"end":{"line":150,"column":null}},"78":{"start":{"line":151,"column":8},"end":{"line":151,"column":null}},"79":{"start":{"line":154,"column":4},"end":{"line":157,"column":null}},"80":{"start":{"line":155,"column":27},"end":{"line":155,"column":57}},"81":{"start":{"line":156,"column":8},"end":{"line":156,"column":null}},"82":{"start":{"line":159,"column":4},"end":{"line":163,"column":null}},"83":{"start":{"line":160,"column":20},"end":{"line":160,"column":33}},"84":{"start":{"line":161,"column":8},"end":{"line":161,"column":null}},"85":{"start":{"line":162,"column":8},"end":{"line":162,"column":null}},"86":{"start":{"line":165,"column":4},"end":{"line":165,"column":null}},"87":{"start":{"line":173,"column":4},"end":{"line":173,"column":null}},"88":{"start":{"line":173,"column":31},"end":{"line":173,"column":null}},"89":{"start":{"line":174,"column":4},"end":{"line":174,"column":null}},"90":{"start":{"line":177,"column":17},"end":{"line":177,"column":32}},"91":{"start":{"line":178,"column":4},"end":{"line":178,"column":null}},"92":{"start":{"line":178,"column":14},"end":{"line":178,"column":null}},"93":{"start":{"line":179,"column":4},"end":{"line":179,"column":null}},"94":{"start":{"line":181,"column":4},"end":{"line":235,"column":null}},"95":{"start":{"line":182,"column":26},"end":{"line":182,"column":30}},"96":{"start":{"line":184,"column":8},"end":{"line":198,"column":null}},"97":{"start":{"line":185,"column":12},"end":{"line":185,"column":null}},"98":{"start":{"line":186,"column":34},"end":{"line":186,"column":84}},"99":{"start":{"line":188,"column":12},"end":{"line":188,"column":null}},"100":{"start":{"line":189,"column":26},"end":{"line":189,"column":71}},"101":{"start":{"line":191,"column":12},"end":{"line":192,"column":null}},"102":{"start":{"line":191,"column":57},"end":{"line":191,"column":null}},"103":{"start":{"line":192,"column":17},"end":{"line":192,"column":null}},"104":{"start":{"line":192,"column":62},"end":{"line":192,"column":null}},"105":{"start":{"line":194,"column":12},"end":{"line":194,"column":null}},"106":{"start":{"line":195,"column":12},"end":{"line":195,"column":null}},"107":{"start":{"line":197,"column":12},"end":{"line":197,"column":null}},"108":{"start":{"line":200,"column":8},"end":{"line":200,"column":null}},"109":{"start":{"line":201,"column":8},"end":{"line":201,"column":null}},"110":{"start":{"line":203,"column":8},"end":{"line":203,"column":null}},"111":{"start":{"line":205,"column":25},"end":{"line":214,"column":10}},"112":{"start":{"line":216,"column":8},"end":{"line":219,"column":null}},"113":{"start":{"line":217,"column":24},"end":{"line":217,"column":45}},"114":{"start":{"line":218,"column":12},"end":{"line":218,"column":null}},"115":{"start":{"line":221,"column":8},"end":{"line":221,"column":null}},"116":{"start":{"line":222,"column":8},"end":{"line":222,"column":null}},"117":{"start":{"line":225,"column":8},"end":{"line":225,"column":null}},"118":{"start":{"line":226,"column":23},"end":{"line":226,"column":38}},"119":{"start":{"line":227,"column":8},"end":{"line":227,"column":null}},"120":{"start":{"line":228,"column":8},"end":{"line":228,"column":null}},"121":{"start":{"line":229,"column":8},"end":{"line":232,"column":null}},"122":{"start":{"line":230,"column":12},"end":{"line":230,"column":null}},"123":{"start":{"line":231,"column":12},"end":{"line":231,"column":null}},"124":{"start":{"line":234,"column":8},"end":{"line":234,"column":null}},"125":{"start":{"line":243,"column":4},"end":{"line":243,"column":null}},"126":{"start":{"line":245,"column":20},"end":{"line":245,"column":115}},"127":{"start":{"line":246,"column":20},"end":{"line":246,"column":32}},"128":{"start":{"line":247,"column":4},"end":{"line":250,"column":null}},"129":{"start":{"line":248,"column":8},"end":{"line":248,"column":null}},"130":{"start":{"line":249,"column":8},"end":{"line":249,"column":null}},"131":{"start":{"line":252,"column":4},"end":{"line":252,"column":null}},"132":{"start":{"line":253,"column":4},"end":{"line":253,"column":null}},"133":{"start":{"line":254,"column":4},"end":{"line":254,"column":null}},"134":{"start":{"line":257,"column":4},"end":{"line":264,"column":null}},"135":{"start":{"line":258,"column":8},"end":{"line":258,"column":null}},"136":{"start":{"line":259,"column":8},"end":{"line":259,"column":null}},"137":{"start":{"line":260,"column":8},"end":{"line":263,"column":null}},"138":{"start":{"line":261,"column":12},"end":{"line":261,"column":null}},"139":{"start":{"line":262,"column":12},"end":{"line":262,"column":null}},"140":{"start":{"line":267,"column":17},"end":{"line":267,"column":32}},"141":{"start":{"line":268,"column":4},"end":{"line":268,"column":null}},"142":{"start":{"line":269,"column":4},"end":{"line":283,"column":null}},"143":{"start":{"line":270,"column":20},"end":{"line":270,"column":49}},"144":{"start":{"line":271,"column":8},"end":{"line":271,"column":null}},"145":{"start":{"line":272,"column":8},"end":{"line":272,"column":null}},"146":{"start":{"line":273,"column":8},"end":{"line":273,"column":null}},"147":{"start":{"line":274,"column":8},"end":{"line":274,"column":null}},"148":{"start":{"line":275,"column":8},"end":{"line":281,"column":null}},"149":{"start":{"line":282,"column":8},"end":{"line":282,"column":null}},"150":{"start":{"line":285,"column":4},"end":{"line":285,"column":null}},"151":{"start":{"line":286,"column":4},"end":{"line":286,"column":null}},"152":{"start":{"line":287,"column":4},"end":{"line":287,"column":null}},"153":{"start":{"line":290,"column":20},"end":{"line":290,"column":81}},"154":{"start":{"line":291,"column":4},"end":{"line":291,"column":null}},"155":{"start":{"line":292,"column":4},"end":{"line":292,"column":null}},"156":{"start":{"line":299,"column":4},"end":{"line":299,"column":null}},"157":{"start":{"line":300,"column":4},"end":{"line":300,"column":null}},"158":{"start":{"line":301,"column":4},"end":{"line":301,"column":null}},"159":{"start":{"line":302,"column":4},"end":{"line":302,"column":null}},"160":{"start":{"line":309,"column":17},"end":{"line":309,"column":32}},"161":{"start":{"line":310,"column":4},"end":{"line":310,"column":null}},"162":{"start":{"line":310,"column":15},"end":{"line":310,"column":null}},"163":{"start":{"line":312,"column":4},"end":{"line":315,"column":null}},"164":{"start":{"line":313,"column":8},"end":{"line":314,"column":null}},"165":{"start":{"line":313,"column":36},"end":{"line":313,"column":null}},"166":{"start":{"line":314,"column":13},"end":{"line":314,"column":null}},"167":{"start":{"line":317,"column":4},"end":{"line":317,"column":null}},"168":{"start":{"line":319,"column":4},"end":{"line":324,"column":null}},"169":{"start":{"line":320,"column":8},"end":{"line":323,"column":null}},"170":{"start":{"line":321,"column":12},"end":{"line":321,"column":null}},"171":{"start":{"line":322,"column":12},"end":{"line":322,"column":null}},"172":{"start":{"line":327,"column":17},"end":{"line":327,"column":30}},"173":{"start":{"line":328,"column":4},"end":{"line":328,"column":null}},"174":{"start":{"line":328,"column":45},"end":{"line":328,"column":63}},"175":{"start":{"line":329,"column":4},"end":{"line":335,"column":null}},"176":{"start":{"line":330,"column":8},"end":{"line":330,"column":null}},"177":{"start":{"line":331,"column":8},"end":{"line":334,"column":null}},"178":{"start":{"line":332,"column":12},"end":{"line":332,"column":null}},"179":{"start":{"line":333,"column":12},"end":{"line":333,"column":null}},"180":{"start":{"line":338,"column":4},"end":{"line":342,"column":null}},"181":{"start":{"line":339,"column":8},"end":{"line":341,"column":null}},"182":{"start":{"line":340,"column":12},"end":{"line":340,"column":null}},"183":{"start":{"line":345,"column":4},"end":{"line":351,"column":null}},"184":{"start":{"line":346,"column":8},"end":{"line":346,"column":null}},"185":{"start":{"line":347,"column":22},"end":{"line":347,"column":37}},"186":{"start":{"line":348,"column":22},"end":{"line":348,"column":35}},"187":{"start":{"line":349,"column":8},"end":{"line":349,"column":null}},"188":{"start":{"line":350,"column":8},"end":{"line":350,"column":null}},"189":{"start":{"line":354,"column":4},"end":{"line":357,"column":null}},"190":{"start":{"line":355,"column":25},"end":{"line":355,"column":68}},"191":{"start":{"line":356,"column":8},"end":{"line":356,"column":null}},"192":{"start":{"line":361,"column":0},"end":{"line":364,"column":null}},"193":{"start":{"line":362,"column":4},"end":{"line":363,"column":null}},"194":{"start":{"line":362,"column":43},"end":{"line":362,"column":null}},"195":{"start":{"line":363,"column":9},"end":{"line":363,"column":null}},"196":{"start":{"line":366,"column":24},"end":{"line":445,"column":1}}},"fnMap":{"0":{"name":"(anonymous_0)","decl":{"start":{"line":19,"column":16},"end":{"line":19,"column":17}},"loc":{"start":{"line":19,"column":22},"end":{"line":19,"column":61}},"line":19},"1":{"name":"(anonymous_1)","decl":{"start":{"line":20,"column":14},"end":{"line":20,"column":15}},"loc":{"start":{"line":20,"column":20},"end":{"line":20,"column":55}},"line":20},"2":{"name":"(anonymous_2)","decl":{"start":{"line":21,"column":15},"end":{"line":21,"column":16}},"loc":{"start":{"line":21,"column":21},"end":{"line":21,"column":57}},"line":21},"3":{"name":"(anonymous_3)","decl":{"start":{"line":22,"column":16},"end":{"line":22,"column":17}},"loc":{"start":{"line":22,"column":22},"end":{"line":22,"column":59}},"line":22},"4":{"name":"(anonymous_4)","decl":{"start":{"line":23,"column":14},"end":{"line":23,"column":15}},"loc":{"start":{"line":23,"column":20},"end":{"line":23,"column":55}},"line":23},"5":{"name":"(anonymous_5)","decl":{"start":{"line":24,"column":16},"end":{"line":24,"column":17}},"loc":{"start":{"line":24,"column":22},"end":{"line":24,"column":59}},"line":24},"6":{"name":"(anonymous_6)","decl":{"start":{"line":25,"column":16},"end":{"line":25,"column":17}},"loc":{"start":{"line":25,"column":22},"end":{"line":25,"column":59}},"line":25},"7":{"name":"(anonymous_7)","decl":{"start":{"line":26,"column":14},"end":{"line":26,"column":15}},"loc":{"start":{"line":26,"column":20},"end":{"line":26,"column":55}},"line":26},"8":{"name":"(anonymous_8)","decl":{"start":{"line":27,"column":18},"end":{"line":27,"column":19}},"loc":{"start":{"line":27,"column":24},"end":{"line":27,"column":63}},"line":27},"9":{"name":"(anonymous_9)","decl":{"start":{"line":28,"column":14},"end":{"line":28,"column":15}},"loc":{"start":{"line":28,"column":20},"end":{"line":28,"column":55}},"line":28},"10":{"name":"(anonymous_10)","decl":{"start":{"line":29,"column":16},"end":{"line":29,"column":17}},"loc":{"start":{"line":29,"column":22},"end":{"line":29,"column":59}},"line":29},"11":{"name":"(anonymous_11)","decl":{"start":{"line":30,"column":16},"end":{"line":30,"column":17}},"loc":{"start":{"line":30,"column":22},"end":{"line":30,"column":63}},"line":30},"12":{"name":"(anonymous_12)","decl":{"start":{"line":31,"column":16},"end":{"line":31,"column":17}},"loc":{"start":{"line":31,"column":22},"end":{"line":31,"column":59}},"line":31},"13":{"name":"(anonymous_13)","decl":{"start":{"line":32,"column":20},"end":{"line":32,"column":21}},"loc":{"start":{"line":32,"column":26},"end":{"line":32,"column":67}},"line":32},"14":{"name":"(anonymous_14)","decl":{"start":{"line":33,"column":15},"end":{"line":33,"column":16}},"loc":{"start":{"line":33,"column":21},"end":{"line":33,"column":57}},"line":33},"15":{"name":"(anonymous_15)","decl":{"start":{"line":34,"column":16},"end":{"line":34,"column":17}},"loc":{"start":{"line":34,"column":22},"end":{"line":34,"column":59}},"line":34},"16":{"name":"(anonymous_16)","decl":{"start":{"line":35,"column":13},"end":{"line":35,"column":14}},"loc":{"start":{"line":35,"column":19},"end":{"line":35,"column":null}},"line":35},"17":{"name":"(anonymous_17)","decl":{"start":{"line":49,"column":4},"end":{"line":49,"column":7}},"loc":{"start":{"line":49,"column":28},"end":{"line":65,"column":null}},"line":49},"18":{"name":"(anonymous_18)","decl":{"start":{"line":76,"column":10},"end":{"line":76,"column":22}},"loc":{"start":{"line":76,"column":29},"end":{"line":103,"column":5}},"line":76},"19":{"name":"(anonymous_19)","decl":{"start":{"line":79,"column":27},"end":{"line":79,"column":28}},"loc":{"start":{"line":79,"column":40},"end":{"line":102,"column":9}},"line":79},"20":{"name":"(anonymous_20)","decl":{"start":{"line":82,"column":25},"end":{"line":82,"column":26}},"loc":{"start":{"line":82,"column":31},"end":{"line":101,"column":13}},"line":82},"21":{"name":"(anonymous_21)","decl":{"start":{"line":98,"column":30},"end":{"line":98,"column":31}},"loc":{"start":{"line":98,"column":40},"end":{"line":100,"column":17}},"line":98},"22":{"name":"(anonymous_22)","decl":{"start":{"line":105,"column":10},"end":{"line":105,"column":18}},"loc":{"start":{"line":105,"column":25},"end":{"line":114,"column":null}},"line":105},"23":{"name":"(anonymous_23)","decl":{"start":{"line":107,"column":27},"end":{"line":107,"column":28}},"loc":{"start":{"line":107,"column":40},"end":{"line":113,"column":9}},"line":107},"24":{"name":"(anonymous_24)","decl":{"start":{"line":108,"column":31},"end":{"line":108,"column":32}},"loc":{"start":{"line":108,"column":37},"end":{"line":111,"column":14}},"line":108},"25":{"name":"speakText","decl":{"start":{"line":121,"column":9},"end":{"line":121,"column":18}},"loc":{"start":{"line":121,"column":25},"end":{"line":133,"column":null}},"line":121},"26":{"name":"(anonymous_26)","decl":{"start":{"line":128,"column":40},"end":{"line":128,"column":41}},"loc":{"start":{"line":128,"column":46},"end":{"line":132,"column":5}},"line":128},"27":{"name":"startVoiceRecording","decl":{"start":{"line":138,"column":9},"end":{"line":138,"column":28}},"loc":{"start":{"line":138,"column":31},"end":{"line":166,"column":null}},"line":138},"28":{"name":"(anonymous_28)","decl":{"start":{"line":148,"column":26},"end":{"line":148,"column":27}},"loc":{"start":{"line":148,"column":32},"end":{"line":152,"column":5}},"line":148},"29":{"name":"(anonymous_29)","decl":{"start":{"line":154,"column":27},"end":{"line":154,"column":28}},"loc":{"start":{"line":154,"column":38},"end":{"line":157,"column":5}},"line":154},"30":{"name":"(anonymous_30)","decl":{"start":{"line":159,"column":24},"end":{"line":159,"column":25}},"loc":{"start":{"line":159,"column":30},"end":{"line":163,"column":5}},"line":159},"31":{"name":"runBridge","decl":{"start":{"line":172,"column":15},"end":{"line":172,"column":24}},"loc":{"start":{"line":172,"column":42},"end":{"line":236,"column":null}},"line":172},"32":{"name":"(anonymous_32)","decl":{"start":{"line":229,"column":19},"end":{"line":229,"column":20}},"loc":{"start":{"line":229,"column":25},"end":{"line":232,"column":9}},"line":229},"33":{"name":"updateUI","decl":{"start":{"line":242,"column":9},"end":{"line":242,"column":17}},"loc":{"start":{"line":242,"column":24},"end":{"line":293,"column":null}},"line":242},"34":{"name":"(anonymous_34)","decl":{"start":{"line":257,"column":28},"end":{"line":257,"column":32}},"loc":{"start":{"line":257,"column":36},"end":{"line":264,"column":5}},"line":257},"35":{"name":"(anonymous_35)","decl":{"start":{"line":269,"column":25},"end":{"line":269,"column":28}},"loc":{"start":{"line":269,"column":32},"end":{"line":283,"column":5}},"line":269},"36":{"name":"resetUI","decl":{"start":{"line":298,"column":9},"end":{"line":298,"column":16}},"loc":{"start":{"line":298,"column":19},"end":{"line":303,"column":null}},"line":298},"37":{"name":"init","decl":{"start":{"line":308,"column":9},"end":{"line":308,"column":13}},"loc":{"start":{"line":308,"column":16},"end":{"line":358,"column":null}},"line":308},"38":{"name":"(anonymous_38)","decl":{"start":{"line":312,"column":35},"end":{"line":312,"column":36}},"loc":{"start":{"line":312,"column":41},"end":{"line":315,"column":5}},"line":312},"39":{"name":"(anonymous_39)","decl":{"start":{"line":319,"column":46},"end":{"line":319,"column":47}},"loc":{"start":{"line":319,"column":53},"end":{"line":324,"column":5}},"line":319},"40":{"name":"(anonymous_40)","decl":{"start":{"line":328,"column":38},"end":{"line":328,"column":39}},"loc":{"start":{"line":328,"column":45},"end":{"line":328,"column":63}},"line":328},"41":{"name":"(anonymous_41)","decl":{"start":{"line":329,"column":34},"end":{"line":329,"column":35}},"loc":{"start":{"line":329,"column":41},"end":{"line":335,"column":5}},"line":329},"42":{"name":"(anonymous_42)","decl":{"start":{"line":338,"column":28},"end":{"line":338,"column":32}},"loc":{"start":{"line":338,"column":36},"end":{"line":342,"column":5}},"line":338},"43":{"name":"(anonymous_43)","decl":{"start":{"line":339,"column":39},"end":{"line":339,"column":40}},"loc":{"start":{"line":339,"column":45},"end":{"line":341,"column":9}},"line":339},"44":{"name":"(anonymous_44)","decl":{"start":{"line":345,"column":47},"end":{"line":345,"column":48}},"loc":{"start":{"line":345,"column":54},"end":{"line":351,"column":5}},"line":345},"45":{"name":"(anonymous_45)","decl":{"start":{"line":354,"column":50},"end":{"line":354,"column":51}},"loc":{"start":{"line":354,"column":56},"end":{"line":357,"column":5}},"line":354}},"branchMap":{"0":{"loc":{"start":{"line":52,"column":8},"end":{"line":57,"column":null}},"type":"if","locations":[{"start":{"line":52,"column":8},"end":{"line":57,"column":null}},{"start":{},"end":{}}],"line":52},"1":{"loc":{"start":{"line":55,"column":12},"end":{"line":55,"column":null}},"type":"if","locations":[{"start":{"line":55,"column":12},"end":{"line":55,"column":null}},{"start":{},"end":{}}],"line":55},"2":{"loc":{"start":{"line":55,"column":43},"end":{"line":55,"column":66}},"type":"cond-expr","locations":[{"start":{"line":55,"column":51},"end":{"line":55,"column":57}},{"start":{"line":55,"column":60},"end":{"line":55,"column":66}}],"line":55},"3":{"loc":{"start":{"line":56,"column":12},"end":{"line":56,"column":null}},"type":"if","locations":[{"start":{"line":56,"column":12},"end":{"line":56,"column":null}},{"start":{},"end":{}}],"line":56},"4":{"loc":{"start":{"line":56,"column":43},"end":{"line":56,"column":67}},"type":"cond-expr","locations":[{"start":{"line":56,"column":51},"end":{"line":56,"column":57}},{"start":{"line":56,"column":60},"end":{"line":56,"column":67}}],"line":56},"5":{"loc":{"start":{"line":58,"column":8},"end":{"line":63,"column":null}},"type":"if","locations":[{"start":{"line":58,"column":8},"end":{"line":63,"column":null}},{"start":{},"end":{}}],"line":58},"6":{"loc":{"start":{"line":61,"column":12},"end":{"line":61,"column":null}},"type":"if","locations":[{"start":{"line":61,"column":12},"end":{"line":61,"column":null}},{"start":{},"end":{}}],"line":61},"7":{"loc":{"start":{"line":61,"column":43},"end":{"line":61,"column":84}},"type":"binary-expr","locations":[{"start":{"line":61,"column":43},"end":{"line":61,"column":62}},{"start":{"line":61,"column":66},"end":{"line":61,"column":84}}],"line":61},"8":{"loc":{"start":{"line":62,"column":12},"end":{"line":62,"column":null}},"type":"if","locations":[{"start":{"line":62,"column":12},"end":{"line":62,"column":null}},{"start":{},"end":{}}],"line":62},"9":{"loc":{"start":{"line":62,"column":43},"end":{"line":62,"column":84}},"type":"binary-expr","locations":[{"start":{"line":62,"column":43},"end":{"line":62,"column":62}},{"start":{"line":62,"column":66},"end":{"line":62,"column":84}}],"line":62},"10":{"loc":{"start":{"line":77,"column":8},"end":{"line":77,"column":null}},"type":"if","locations":[{"start":{"line":77,"column":8},"end":{"line":77,"column":null}},{"start":{},"end":{}}],"line":77},"11":{"loc":{"start":{"line":88,"column":16},"end":{"line":91,"column":null}},"type":"if","locations":[{"start":{"line":88,"column":16},"end":{"line":91,"column":null}},{"start":{},"end":{}}],"line":88},"12":{"loc":{"start":{"line":122,"column":4},"end":{"line":122,"column":null}},"type":"if","locations":[{"start":{"line":122,"column":4},"end":{"line":122,"column":null}},{"start":{},"end":{}}],"line":122},"13":{"loc":{"start":{"line":139,"column":30},"end":{"line":139,"column":88}},"type":"binary-expr","locations":[{"start":{"line":139,"column":30},"end":{"line":139,"column":54}},{"start":{"line":139,"column":58},"end":{"line":139,"column":88}}],"line":139},"14":{"loc":{"start":{"line":140,"column":4},"end":{"line":143,"column":null}},"type":"if","locations":[{"start":{"line":140,"column":4},"end":{"line":143,"column":null}},{"start":{},"end":{}}],"line":140},"15":{"loc":{"start":{"line":161,"column":25},"end":{"line":161,"column":85}},"type":"binary-expr","locations":[{"start":{"line":161,"column":25},"end":{"line":161,"column":63}},{"start":{"line":161,"column":67},"end":{"line":161,"column":85}}],"line":161},"16":{"loc":{"start":{"line":172,"column":25},"end":{"line":172,"column":40}},"type":"default-arg","locations":[{"start":{"line":172,"column":38},"end":{"line":172,"column":40}}],"line":172},"17":{"loc":{"start":{"line":173,"column":4},"end":{"line":173,"column":null}},"type":"if","locations":[{"start":{"line":173,"column":4},"end":{"line":173,"column":null}},{"start":{},"end":{}}],"line":173},"18":{"loc":{"start":{"line":178,"column":4},"end":{"line":178,"column":null}},"type":"if","locations":[{"start":{"line":178,"column":4},"end":{"line":178,"column":null}},{"start":{},"end":{}}],"line":178},"19":{"loc":{"start":{"line":184,"column":8},"end":{"line":198,"column":null}},"type":"if","locations":[{"start":{"line":184,"column":8},"end":{"line":198,"column":null}},{"start":{},"end":{}}],"line":184},"20":{"loc":{"start":{"line":191,"column":12},"end":{"line":192,"column":null}},"type":"if","locations":[{"start":{"line":191,"column":12},"end":{"line":192,"column":null}},{"start":{"line":192,"column":17},"end":{"line":192,"column":null}}],"line":191},"21":{"loc":{"start":{"line":192,"column":17},"end":{"line":192,"column":null}},"type":"if","locations":[{"start":{"line":192,"column":17},"end":{"line":192,"column":null}},{"start":{},"end":{}}],"line":192},"22":{"loc":{"start":{"line":216,"column":8},"end":{"line":219,"column":null}},"type":"if","locations":[{"start":{"line":216,"column":8},"end":{"line":219,"column":null}},{"start":{},"end":{}}],"line":216},"23":{"loc":{"start":{"line":218,"column":28},"end":{"line":218,"column":71}},"type":"binary-expr","locations":[{"start":{"line":218,"column":28},"end":{"line":218,"column":37}},{"start":{"line":218,"column":41},"end":{"line":218,"column":71}}],"line":218},"24":{"loc":{"start":{"line":245,"column":31},"end":{"line":245,"column":61}},"type":"binary-expr","locations":[{"start":{"line":245,"column":31},"end":{"line":245,"column":45}},{"start":{"line":245,"column":49},"end":{"line":245,"column":61}}],"line":245},"25":{"loc":{"start":{"line":245,"column":75},"end":{"line":245,"column":113}},"type":"binary-expr","locations":[{"start":{"line":245,"column":75},"end":{"line":245,"column":99}},{"start":{"line":245,"column":103},"end":{"line":245,"column":113}}],"line":245},"26":{"loc":{"start":{"line":247,"column":4},"end":{"line":250,"column":null}},"type":"if","locations":[{"start":{"line":247,"column":4},"end":{"line":250,"column":null}},{"start":{},"end":{}}],"line":247},"27":{"loc":{"start":{"line":254,"column":46},"end":{"line":254,"column":78}},"type":"binary-expr","locations":[{"start":{"line":254,"column":46},"end":{"line":254,"column":61}},{"start":{"line":254,"column":65},"end":{"line":254,"column":78}}],"line":254},"28":{"loc":{"start":{"line":260,"column":8},"end":{"line":263,"column":null}},"type":"if","locations":[{"start":{"line":260,"column":8},"end":{"line":263,"column":null}},{"start":{},"end":{}}],"line":260},"29":{"loc":{"start":{"line":274,"column":39},"end":{"line":274,"column":66}},"type":"binary-expr","locations":[{"start":{"line":274,"column":39},"end":{"line":274,"column":53}},{"start":{"line":274,"column":57},"end":{"line":274,"column":66}}],"line":274},"30":{"loc":{"start":{"line":310,"column":4},"end":{"line":310,"column":null}},"type":"if","locations":[{"start":{"line":310,"column":4},"end":{"line":310,"column":null}},{"start":{},"end":{}}],"line":310},"31":{"loc":{"start":{"line":313,"column":8},"end":{"line":314,"column":null}},"type":"if","locations":[{"start":{"line":313,"column":8},"end":{"line":314,"column":null}},{"start":{"line":314,"column":13},"end":{"line":314,"column":null}}],"line":313},"32":{"loc":{"start":{"line":320,"column":8},"end":{"line":323,"column":null}},"type":"if","locations":[{"start":{"line":320,"column":8},"end":{"line":323,"column":null}},{"start":{},"end":{}}],"line":320},"33":{"loc":{"start":{"line":331,"column":8},"end":{"line":334,"column":null}},"type":"if","locations":[{"start":{"line":331,"column":8},"end":{"line":334,"column":null}},{"start":{},"end":{}}],"line":331},"34":{"loc":{"start":{"line":361,"column":0},"end":{"line":364,"column":null}},"type":"if","locations":[{"start":{"line":361,"column":0},"end":{"line":364,"column":null}},{"start":{},"end":{}}],"line":361},"35":{"loc":{"start":{"line":362,"column":4},"end":{"line":363,"column":null}},"type":"if","locations":[{"start":{"line":362,"column":4},"end":{"line":363,"column":null}},{"start":{"line":363,"column":9},"end":{"line":363,"column":null}}],"line":362}},"s":{"0":1,"1":1,"2":1,"3":14,"4":9,"5":12,"6":12,"7":8,"8":5,"9":3,"10":3,"11":6,"12":3,"13":12,"14":9,"15":11,"16":3,"17":1,"18":3,"19":1,"20":9,"21":9,"22":4,"23":4,"24":4,"25":4,"26":4,"27":4,"28":9,"29":2,"30":2,"31":2,"32":2,"33":2,"34":2,"35":9,"36":1,"37":1,"38":1,"39":0,"40":0,"41":0,"42":0,"43":0,"44":0,"45":0,"46":0,"47":0,"48":0,"49":0,"50":0,"51":0,"52":0,"53":0,"54":0,"55":0,"56":0,"57":0,"58":0,"59":0,"60":0,"61":3,"62":2,"63":1,"64":1,"65":1,"66":1,"67":1,"68":1,"69":0,"70":0,"71":0,"72":0,"73":0,"74":0,"75":0,"76":0,"77":0,"78":0,"79":0,"80":0,"81":0,"82":0,"83":0,"84":0,"85":0,"86":0,"87":1,"88":0,"89":1,"90":1,"91":1,"92":1,"93":1,"94":1,"95":1,"96":1,"97":0,"98":0,"99":0,"100":0,"101":0,"102":0,"103":0,"104":0,"105":0,"106":0,"107":0,"108":1,"109":1,"110":1,"111":1,"112":1,"113":0,"114":0,"115":1,"116":1,"117":0,"118":0,"119":0,"120":0,"121":0,"122":0,"123":0,"124":1,"125":3,"126":3,"127":3,"128":3,"129":3,"130":3,"131":3,"132":3,"133":3,"134":3,"135":15,"136":15,"137":15,"138":3,"139":3,"140":3,"141":3,"142":3,"143":1,"144":1,"145":1,"146":1,"147":1,"148":1,"149":1,"150":3,"151":3,"152":3,"153":3,"154":3,"155":3,"156":1,"157":1,"158":1,"159":1,"160":9,"161":9,"162":0,"163":9,"164":0,"165":0,"166":0,"167":9,"168":9,"169":0,"170":0,"171":0,"172":9,"173":9,"174":0,"175":9,"176":0,"177":0,"178":0,"179":0,"180":9,"181":45,"182":0,"183":9,"184":1,"185":1,"186":1,"187":1,"188":1,"189":9,"190":2,"191":2,"192":1,"193":1,"194":1,"195":0,"196":1},"f":{"0":1,"1":14,"2":9,"3":12,"4":12,"5":8,"6":5,"7":3,"8":3,"9":6,"10":3,"11":12,"12":9,"13":11,"14":3,"15":1,"16":3,"17":9,"18":1,"19":0,"20":0,"21":0,"22":0,"23":0,"24":0,"25":3,"26":1,"27":0,"28":0,"29":0,"30":0,"31":1,"32":0,"33":3,"34":15,"35":1,"36":1,"37":9,"38":0,"39":0,"40":0,"41":0,"42":45,"43":0,"44":1,"45":2},"b":{"0":[4,5],"1":[4,0],"2":[2,2],"3":[4,0],"4":[2,2],"5":[2,7],"6":[2,0],"7":[2,0],"8":[2,0],"9":[2,0],"10":[1,0],"11":[0,0],"12":[2,1],"13":[0,0],"14":[0,0],"15":[0,0],"16":[1],"17":[0,1],"18":[1,0],"19":[0,1],"20":[0,0],"21":[0,0],"22":[0,1],"23":[0,0],"24":[3,2],"25":[3,2],"26":[3,0],"27":[3,1],"28":[3,12],"29":[1,1],"30":[0,9],"31":[0,0],"32":[0,0],"33":[0,0],"34":[1,0],"35":[1,0]},"meta":{"lastBranch":36,"lastFunction":46,"lastStatement":197,"seen":{"s:9:21:13:1":0,"s:18:11:36:1":1,"f:19:16:19:17":0,"s:19:22:19:61":2,"f:20:14:20:15":1,"s:20:20:20:55":3,"f:21:15:21:16":2,"s:21:21:21:57":4,"f:22:16:22:17":3,"s:22:22:22:59":5,"f:23:14:23:15":4,"s:23:20:23:55":6,"f:24:16:24:17":5,"s:24:22:24:59":7,"f:25:16:25:17":6,"s:25:22:25:59":8,"f:26:14:26:15":7,"s:26:20:26:55":9,"f:27:18:27:19":8,"s:27:24:27:63":10,"f:28:14:28:15":9,"s:28:20:28:55":11,"f:29:16:29:17":10,"s:29:22:29:59":12,"f:30:16:30:17":11,"s:30:22:30:63":13,"f:31:16:31:17":12,"s:31:22:31:59":14,"f:32:20:32:21":13,"s:32:26:32:67":15,"f:33:15:33:16":14,"s:33:21:33:57":16,"f:34:16:34:17":15,"s:34:22:34:59":17,"f:35:13:35:14":16,"s:35:19:35:Infinity":18,"s:42:17:66:2":19,"f:49:4:49:7":17,"s:50:8:50:Infinity":20,"b:52:8:57:Infinity:undefined:undefined:undefined:undefined":0,"s:52:8:57:Infinity":21,"s:53:25:53:40":22,"s:54:25:54:38":23,"b:55:12:55:Infinity:undefined:undefined:undefined:undefined":1,"s:55:12:55:Infinity":24,"s:55:22:55:Infinity":25,"b:55:51:55:57:55:60:55:66":2,"b:56:12:56:Infinity:undefined:undefined:undefined:undefined":3,"s:56:12:56:Infinity":26,"s:56:22:56:Infinity":27,"b:56:51:56:57:56:60:56:67":4,"b:58:8:63:Infinity:undefined:undefined:undefined:undefined":5,"s:58:8:63:Infinity":28,"s:59:26:59:41":29,"s:60:26:60:39":30,"b:61:12:61:Infinity:undefined:undefined:undefined:undefined":6,"s:61:12:61:Infinity":31,"s:61:22:61:Infinity":32,"b:61:43:61:62:61:66:61:84":7,"b:62:12:62:Infinity:undefined:undefined:undefined:undefined":8,"s:62:12:62:Infinity":33,"s:62:22:62:Infinity":34,"b:62:43:62:62:62:66:62:84":9,"s:64:8:64:Infinity":35,"s:71:17:115:1":36,"f:76:10:76:22":18,"b:77:8:77:Infinity:undefined:undefined:undefined:undefined":10,"s:77:8:77:Infinity":37,"s:77:45:77:Infinity":38,"s:79:8:102:Infinity":39,"f:79:27:79:28":19,"s:80:24:80:35":40,"s:81:12:81:Infinity":41,"s:82:12:101:Infinity":42,"f:82:25:82:26":20,"s:83:31:83:63":43,"s:84:34:84:38":44,"s:85:28:85:37":45,"s:86:29:86:39":46,"b:88:16:91:Infinity:undefined:undefined:undefined:undefined":11,"s:88:16:91:Infinity":47,"s:89:20:89:Infinity":48,"s:90:20:90:Infinity":49,"s:93:16:93:Infinity":50,"s:94:16:94:Infinity":51,"s:95:28:95:51":52,"s:96:16:96:Infinity":53,"s:98:16:100:Infinity":54,"f:98:30:98:31":21,"s:99:20:99:Infinity":55,"f:105:10:105:18":22,"s:106:23:106:39":56,"s:107:8:113:Infinity":57,"f:107:27:107:28":23,"s:108:12:111:Infinity":58,"f:108:31:108:32":24,"s:108:37:111:14":59,"s:112:12:112:Infinity":60,"f:121:9:121:18":25,"b:122:4:122:Infinity:undefined:undefined:undefined:undefined":12,"s:122:4:122:Infinity":61,"s:122:33:122:Infinity":62,"s:125:4:125:Infinity":63,"s:126:4:126:Infinity":64,"s:128:4:132:12":65,"f:128:40:128:41":26,"s:129:26:129:60":66,"s:130:8:130:Infinity":67,"s:131:8:131:Infinity":68,"f:138:9:138:28":27,"s:139:30:139:88":69,"b:139:30:139:54:139:58:139:88":13,"b:140:4:143:Infinity:undefined:undefined:undefined:undefined":14,"s:140:4:143:Infinity":70,"s:141:8:141:Infinity":71,"s:142:8:142:Infinity":72,"s:145:24:145:47":73,"s:146:4:146:Infinity":74,"s:148:4:152:Infinity":75,"f:148:26:148:27":28,"s:149:20:149:33":76,"s:150:8:150:Infinity":77,"s:151:8:151:Infinity":78,"s:154:4:157:Infinity":79,"f:154:27:154:28":29,"s:155:27:155:57":80,"s:156:8:156:Infinity":81,"s:159:4:163:Infinity":82,"f:159:24:159:25":30,"s:160:20:160:33":83,"s:161:8:161:Infinity":84,"b:161:25:161:63:161:67:161:85":15,"s:162:8:162:Infinity":85,"s:165:4:165:Infinity":86,"f:172:15:172:24":31,"b:172:38:172:40":16,"b:173:4:173:Infinity:undefined:undefined:undefined:undefined":17,"s:173:4:173:Infinity":87,"s:173:31:173:Infinity":88,"s:174:4:174:Infinity":89,"s:177:17:177:32":90,"b:178:4:178:Infinity:undefined:undefined:undefined:undefined":18,"s:178:4:178:Infinity":91,"s:178:14:178:Infinity":92,"s:179:4:179:Infinity":93,"s:181:4:235:Infinity":94,"s:182:26:182:30":95,"b:184:8:198:Infinity:undefined:undefined:undefined:undefined":19,"s:184:8:198:Infinity":96,"s:185:12:185:Infinity":97,"s:186:34:186:84":98,"s:188:12:188:Infinity":99,"s:189:26:189:71":100,"b:191:12:192:Infinity:192:17:192:Infinity":20,"s:191:12:192:Infinity":101,"s:191:57:191:Infinity":102,"b:192:17:192:Infinity:undefined:undefined:undefined:undefined":21,"s:192:17:192:Infinity":103,"s:192:62:192:Infinity":104,"s:194:12:194:Infinity":105,"s:195:12:195:Infinity":106,"s:197:12:197:Infinity":107,"s:200:8:200:Infinity":108,"s:201:8:201:Infinity":109,"s:203:8:203:Infinity":110,"s:205:25:214:10":111,"b:216:8:219:Infinity:undefined:undefined:undefined:undefined":22,"s:216:8:219:Infinity":112,"s:217:24:217:45":113,"s:218:12:218:Infinity":114,"b:218:28:218:37:218:41:218:71":23,"s:221:8:221:Infinity":115,"s:222:8:222:Infinity":116,"s:225:8:225:Infinity":117,"s:226:23:226:38":118,"s:227:8:227:Infinity":119,"s:228:8:228:Infinity":120,"s:229:8:232:Infinity":121,"f:229:19:229:20":32,"s:230:12:230:Infinity":122,"s:231:12:231:Infinity":123,"s:234:8:234:Infinity":124,"f:242:9:242:17":33,"s:243:4:243:Infinity":125,"s:245:20:245:115":126,"b:245:31:245:45:245:49:245:61":24,"b:245:75:245:99:245:103:245:113":25,"s:246:20:246:32":127,"b:247:4:250:Infinity:undefined:undefined:undefined:undefined":26,"s:247:4:250:Infinity":128,"s:248:8:248:Infinity":129,"s:249:8:249:Infinity":130,"s:252:4:252:Infinity":131,"s:253:4:253:Infinity":132,"s:254:4:254:Infinity":133,"b:254:46:254:61:254:65:254:78":27,"s:257:4:264:Infinity":134,"f:257:28:257:32":34,"s:258:8:258:Infinity":135,"s:259:8:259:Infinity":136,"b:260:8:263:Infinity:undefined:undefined:undefined:undefined":28,"s:260:8:263:Infinity":137,"s:261:12:261:Infinity":138,"s:262:12:262:Infinity":139,"s:267:17:267:32":140,"s:268:4:268:Infinity":141,"s:269:4:283:Infinity":142,"f:269:25:269:28":35,"s:270:20:270:49":143,"s:271:8:271:Infinity":144,"s:272:8:272:Infinity":145,"s:273:8:273:Infinity":146,"s:274:8:274:Infinity":147,"b:274:39:274:53:274:57:274:66":29,"s:275:8:281:Infinity":148,"s:282:8:282:Infinity":149,"s:285:4:285:Infinity":150,"s:286:4:286:Infinity":151,"s:287:4:287:Infinity":152,"s:290:20:290:81":153,"s:291:4:291:Infinity":154,"s:292:4:292:Infinity":155,"f:298:9:298:16":36,"s:299:4:299:Infinity":156,"s:300:4:300:Infinity":157,"s:301:4:301:Infinity":158,"s:302:4:302:Infinity":159,"f:308:9:308:13":37,"s:309:17:309:32":160,"b:310:4:310:Infinity:undefined:undefined:undefined:undefined":30,"s:310:4:310:Infinity":161,"s:310:15:310:Infinity":162,"s:312:4:315:Infinity":163,"f:312:35:312:36":38,"b:313:8:314:Infinity:314:13:314:Infinity":31,"s:313:8:314:Infinity":164,"s:313:36:313:Infinity":165,"s:314:13:314:Infinity":166,"s:317:4:317:Infinity":167,"s:319:4:324:Infinity":168,"f:319:46:319:47":39,"b:320:8:323:Infinity:undefined:undefined:undefined:undefined":32,"s:320:8:323:Infinity":169,"s:321:12:321:Infinity":170,"s:322:12:322:Infinity":171,"s:327:17:327:30":172,"s:328:4:328:Infinity":173,"f:328:38:328:39":40,"s:328:45:328:63":174,"s:329:4:335:Infinity":175,"f:329:34:329:35":41,"s:330:8:330:Infinity":176,"b:331:8:334:Infinity:undefined:undefined:undefined:undefined":33,"s:331:8:334:Infinity":177,"s:332:12:332:Infinity":178,"s:333:12:333:Infinity":179,"s:338:4:342:Infinity":180,"f:338:28:338:32":42,"s:339:8:341:Infinity":181,"f:339:39:339:40":43,"s:340:12:340:Infinity":182,"s:345:4:351:Infinity":183,"f:345:47:345:48":44,"s:346:8:346:Infinity":184,"s:347:22:347:37":185,"s:348:22:348:35":186,"s:349:8:349:Infinity":187,"s:350:8:350:Infinity":188,"s:354:4:357:Infinity":189,"f:354:50:354:51":45,"s:355:25:355:68":190,"s:356:8:356:Infinity":191,"b:361:0:364:Infinity:undefined:undefined:undefined:undefined":34,"s:361:0:364:Infinity":192,"b:362:4:363:Infinity:363:9:363:Infinity":35,"s:362:4:363:Infinity":193,"s:362:43:362:Infinity":194,"s:363:9:363:Infinity":195,"s:366:24:445:1":196}}}
}
