{"/Users/khushijain/Desktop/AI_promtWars/app.js": {"path":"/Users/khushijain/Desktop/AI_promtWars/app.js","statementMap":{"0":{"start":{"line":11,"column":12},"end":{"line":11,"column":16}},"1":{"start":{"line":13,"column":19},"end":{"line":13,"column":58}},"2":{"start":{"line":14,"column":25},"end":{"line":14,"column":29}},"3":{"start":{"line":17,"column":4},"end":{"line":17,"column":null}},"4":{"start":{"line":17,"column":15},"end":{"line":17,"column":null}},"5":{"start":{"line":18,"column":4},"end":{"line":27,"column":null}},"6":{"start":{"line":19,"column":25},"end":{"line":19,"column":51}},"7":{"start":{"line":20,"column":21},"end":{"line":20,"column":42}},"8":{"start":{"line":21,"column":8},"end":{"line":24,"column":null}},"9":{"start":{"line":22,"column":12},"end":{"line":22,"column":null}},"10":{"start":{"line":23,"column":12},"end":{"line":23,"column":null}},"11":{"start":{"line":26,"column":8},"end":{"line":26,"column":null}},"12":{"start":{"line":28,"column":4},"end":{"line":28,"column":null}},"13":{"start":{"line":33,"column":4},"end":{"line":33,"column":null}},"14":{"start":{"line":33,"column":28},"end":{"line":33,"column":null}},"15":{"start":{"line":35,"column":23},"end":{"line":35,"column":39}},"16":{"start":{"line":38,"column":28},"end":{"line":43,"column":5}},"17":{"start":{"line":45,"column":4},"end":{"line":45,"column":null}},"18":{"start":{"line":47,"column":4},"end":{"line":61,"column":null}},"19":{"start":{"line":48,"column":8},"end":{"line":60,"column":null}},"20":{"start":{"line":49,"column":12},"end":{"line":49,"column":null}},"21":{"start":{"line":50,"column":26},"end":{"line":50,"column":72}},"22":{"start":{"line":53,"column":12},"end":{"line":53,"column":null}},"23":{"start":{"line":55,"column":12},"end":{"line":55,"column":null}},"24":{"start":{"line":56,"column":12},"end":{"line":56,"column":null}},"25":{"start":{"line":57,"column":12},"end":{"line":57,"column":null}},"26":{"start":{"line":59,"column":12},"end":{"line":59,"column":null}},"27":{"start":{"line":64,"column":4},"end":{"line":64,"column":null}},"28":{"start":{"line":68,"column":17},"end":{"line":68,"column":52}},"29":{"start":{"line":69,"column":18},"end":{"line":69,"column":54}},"30":{"start":{"line":70,"column":19},"end":{"line":70,"column":56}},"31":{"start":{"line":71,"column":19},"end":{"line":71,"column":56}},"32":{"start":{"line":72,"column":19},"end":{"line":72,"column":56}},"33":{"start":{"line":73,"column":17},"end":{"line":73,"column":52}},"34":{"start":{"line":74,"column":21},"end":{"line":74,"column":60}},"35":{"start":{"line":75,"column":17},"end":{"line":75,"column":52}},"36":{"start":{"line":76,"column":19},"end":{"line":76,"column":56}},"37":{"start":{"line":77,"column":19},"end":{"line":77,"column":60}},"38":{"start":{"line":79,"column":19},"end":{"line":79,"column":23}},"39":{"start":{"line":83,"column":19},"end":{"line":83,"column":35}},"40":{"start":{"line":84,"column":4},"end":{"line":94,"column":null}},"41":{"start":{"line":85,"column":8},"end":{"line":92,"column":null}},"42":{"start":{"line":86,"column":12},"end":{"line":91,"column":null}},"43":{"start":{"line":93,"column":8},"end":{"line":93,"column":null}},"44":{"start":{"line":99,"column":4},"end":{"line":99,"column":null}},"45":{"start":{"line":100,"column":4},"end":{"line":100,"column":null}},"46":{"start":{"line":101,"column":4},"end":{"line":101,"column":null}},"47":{"start":{"line":103,"column":4},"end":{"line":168,"column":null}},"48":{"start":{"line":104,"column":8},"end":{"line":104,"column":null}},"49":{"start":{"line":105,"column":22},"end":{"line":105,"column":50}},"50":{"start":{"line":107,"column":8},"end":{"line":107,"column":null}},"51":{"start":{"line":108,"column":20},"end":{"line":108,"column":82}},"52":{"start":{"line":110,"column":8},"end":{"line":127,"column":null}},"53":{"start":{"line":112,"column":26},"end":{"line":112,"column":70}},"54":{"start":{"line":115,"column":12},"end":{"line":119,"column":null}},"55":{"start":{"line":116,"column":16},"end":{"line":116,"column":null}},"56":{"start":{"line":117,"column":19},"end":{"line":119,"column":null}},"57":{"start":{"line":118,"column":16},"end":{"line":118,"column":null}},"58":{"start":{"line":122,"column":12},"end":{"line":122,"column":null}},"59":{"start":{"line":123,"column":12},"end":{"line":123,"column":null}},"60":{"start":{"line":125,"column":29},"end":{"line":125,"column":69}},"61":{"start":{"line":126,"column":12},"end":{"line":126,"column":null}},"62":{"start":{"line":130,"column":8},"end":{"line":130,"column":null}},"63":{"start":{"line":131,"column":8},"end":{"line":131,"column":null}},"64":{"start":{"line":133,"column":8},"end":{"line":133,"column":null}},"65":{"start":{"line":135,"column":23},"end":{"line":146,"column":10}},"66":{"start":{"line":148,"column":23},"end":{"line":148,"column":70}},"67":{"start":{"line":149,"column":29},"end":{"line":149,"column":51}},"68":{"start":{"line":152,"column":26},"end":{"line":152,"column":59}},"69":{"start":{"line":153,"column":8},"end":{"line":153,"column":null}},"70":{"start":{"line":153,"column":24},"end":{"line":153,"column":null}},"71":{"start":{"line":155,"column":21},"end":{"line":155,"column":45}},"72":{"start":{"line":156,"column":8},"end":{"line":156,"column":null}},"73":{"start":{"line":159,"column":8},"end":{"line":159,"column":null}},"74":{"start":{"line":161,"column":8},"end":{"line":161,"column":null}},"75":{"start":{"line":162,"column":8},"end":{"line":162,"column":null}},"76":{"start":{"line":164,"column":8},"end":{"line":167,"column":null}},"77":{"start":{"line":165,"column":12},"end":{"line":165,"column":null}},"78":{"start":{"line":166,"column":12},"end":{"line":166,"column":null}},"79":{"start":{"line":172,"column":4},"end":{"line":172,"column":null}},"80":{"start":{"line":175,"column":18},"end":{"line":175,"column":132}},"81":{"start":{"line":176,"column":20},"end":{"line":176,"column":54}},"82":{"start":{"line":177,"column":4},"end":{"line":180,"column":null}},"83":{"start":{"line":178,"column":8},"end":{"line":178,"column":null}},"84":{"start":{"line":179,"column":8},"end":{"line":179,"column":null}},"85":{"start":{"line":182,"column":4},"end":{"line":182,"column":null}},"86":{"start":{"line":183,"column":4},"end":{"line":183,"column":null}},"87":{"start":{"line":184,"column":4},"end":{"line":184,"column":null}},"88":{"start":{"line":186,"column":4},"end":{"line":189,"column":null}},"89":{"start":{"line":187,"column":8},"end":{"line":187,"column":null}},"90":{"start":{"line":188,"column":8},"end":{"line":188,"column":null}},"91":{"start":{"line":188,"column":49},"end":{"line":188,"column":null}},"92":{"start":{"line":191,"column":4},"end":{"line":191,"column":null}},"93":{"start":{"line":192,"column":4},"end":{"line":203,"column":null}},"94":{"start":{"line":193,"column":20},"end":{"line":193,"column":49}},"95":{"start":{"line":194,"column":8},"end":{"line":194,"column":null}},"96":{"start":{"line":195,"column":8},"end":{"line":201,"column":null}},"97":{"start":{"line":202,"column":8},"end":{"line":202,"column":null}},"98":{"start":{"line":205,"column":4},"end":{"line":205,"column":null}},"99":{"start":{"line":206,"column":4},"end":{"line":206,"column":null}},"100":{"start":{"line":207,"column":4},"end":{"line":207,"column":null}},"101":{"start":{"line":211,"column":4},"end":{"line":211,"column":null}},"102":{"start":{"line":212,"column":4},"end":{"line":212,"column":null}},"103":{"start":{"line":213,"column":4},"end":{"line":213,"column":null}},"104":{"start":{"line":217,"column":0},"end":{"line":220,"column":null}},"105":{"start":{"line":218,"column":4},"end":{"line":219,"column":null}},"106":{"start":{"line":218,"column":23},"end":{"line":218,"column":null}},"107":{"start":{"line":219,"column":9},"end":{"line":219,"column":null}},"108":{"start":{"line":222,"column":0},"end":{"line":227,"column":null}},"109":{"start":{"line":223,"column":4},"end":{"line":226,"column":null}},"110":{"start":{"line":224,"column":8},"end":{"line":224,"column":null}},"111":{"start":{"line":225,"column":8},"end":{"line":225,"column":null}},"112":{"start":{"line":229,"column":0},"end":{"line":229,"column":null}},"113":{"start":{"line":229,"column":45},"end":{"line":229,"column":63}},"114":{"start":{"line":230,"column":0},"end":{"line":236,"column":null}},"115":{"start":{"line":231,"column":4},"end":{"line":231,"column":null}},"116":{"start":{"line":232,"column":4},"end":{"line":235,"column":null}},"117":{"start":{"line":233,"column":8},"end":{"line":233,"column":null}},"118":{"start":{"line":234,"column":8},"end":{"line":234,"column":null}},"119":{"start":{"line":238,"column":24},"end":{"line":317,"column":1}},"120":{"start":{"line":319,"column":0},"end":{"line":324,"column":null}},"121":{"start":{"line":320,"column":4},"end":{"line":323,"column":null}},"122":{"start":{"line":322,"column":8},"end":{"line":322,"column":null}}},"fnMap":{"0":{"name":"getGenAI","decl":{"start":{"line":16,"column":15},"end":{"line":16,"column":23}},"loc":{"start":{"line":16,"column":26},"end":{"line":29,"column":null}},"line":16},"1":{"name":"discoverIntelligence","decl":{"start":{"line":32,"column":15},"end":{"line":32,"column":35}},"loc":{"start":{"line":32,"column":38},"end":{"line":65,"column":null}},"line":32},"2":{"name":"fileToGenerativePart","decl":{"start":{"line":82,"column":15},"end":{"line":82,"column":35}},"loc":{"start":{"line":82,"column":42},"end":{"line":95,"column":null}},"line":82},"3":{"name":"(anonymous_3)","decl":{"start":{"line":84,"column":23},"end":{"line":84,"column":24}},"loc":{"start":{"line":84,"column":36},"end":{"line":94,"column":5}},"line":84},"4":{"name":"(anonymous_4)","decl":{"start":{"line":85,"column":27},"end":{"line":85,"column":28}},"loc":{"start":{"line":85,"column":33},"end":{"line":92,"column":9}},"line":85},"5":{"name":"runBridge","decl":{"start":{"line":98,"column":15},"end":{"line":98,"column":24}},"loc":{"start":{"line":98,"column":42},"end":{"line":169,"column":null}},"line":98},"6":{"name":"(anonymous_6)","decl":{"start":{"line":164,"column":19},"end":{"line":164,"column":20}},"loc":{"start":{"line":164,"column":25},"end":{"line":167,"column":9}},"line":164},"7":{"name":"updateUI","decl":{"start":{"line":171,"column":9},"end":{"line":171,"column":17}},"loc":{"start":{"line":171,"column":24},"end":{"line":208,"column":null}},"line":171},"8":{"name":"(anonymous_8)","decl":{"start":{"line":186,"column":23},"end":{"line":186,"column":27}},"loc":{"start":{"line":186,"column":31},"end":{"line":189,"column":5}},"line":186},"9":{"name":"(anonymous_9)","decl":{"start":{"line":192,"column":25},"end":{"line":192,"column":28}},"loc":{"start":{"line":192,"column":32},"end":{"line":203,"column":5}},"line":192},"10":{"name":"resetUI","decl":{"start":{"line":210,"column":9},"end":{"line":210,"column":16}},"loc":{"start":{"line":210,"column":19},"end":{"line":214,"column":null}},"line":210},"11":{"name":"(anonymous_11)","decl":{"start":{"line":217,"column":37},"end":{"line":217,"column":38}},"loc":{"start":{"line":217,"column":43},"end":{"line":220,"column":1}},"line":217},"12":{"name":"(anonymous_12)","decl":{"start":{"line":222,"column":37},"end":{"line":222,"column":38}},"loc":{"start":{"line":222,"column":44},"end":{"line":227,"column":1}},"line":222},"13":{"name":"(anonymous_13)","decl":{"start":{"line":229,"column":38},"end":{"line":229,"column":39}},"loc":{"start":{"line":229,"column":45},"end":{"line":229,"column":63}},"line":229},"14":{"name":"(anonymous_14)","decl":{"start":{"line":230,"column":34},"end":{"line":230,"column":35}},"loc":{"start":{"line":230,"column":41},"end":{"line":236,"column":1}},"line":230},"15":{"name":"(anonymous_15)","decl":{"start":{"line":319,"column":19},"end":{"line":319,"column":23}},"loc":{"start":{"line":319,"column":27},"end":{"line":324,"column":1}},"line":319},"16":{"name":"(anonymous_16)","decl":{"start":{"line":320,"column":35},"end":{"line":320,"column":36}},"loc":{"start":{"line":320,"column":41},"end":{"line":323,"column":5}},"line":320}},"branchMap":{"0":{"loc":{"start":{"line":17,"column":4},"end":{"line":17,"column":null}},"type":"if","locations":[{"start":{"line":17,"column":4},"end":{"line":17,"column":null}},{"start":{},"end":{}}],"line":17},"1":{"loc":{"start":{"line":21,"column":8},"end":{"line":24,"column":null}},"type":"if","locations":[{"start":{"line":21,"column":8},"end":{"line":24,"column":null}},{"start":{},"end":{}}],"line":21},"2":{"loc":{"start":{"line":33,"column":4},"end":{"line":33,"column":null}},"type":"if","locations":[{"start":{"line":33,"column":4},"end":{"line":33,"column":null}},{"start":{},"end":{}}],"line":33},"3":{"loc":{"start":{"line":98,"column":25},"end":{"line":98,"column":40}},"type":"default-arg","locations":[{"start":{"line":98,"column":38},"end":{"line":98,"column":40}}],"line":98},"4":{"loc":{"start":{"line":108,"column":21},"end":{"line":108,"column":81}},"type":"binary-expr","locations":[{"start":{"line":108,"column":21},"end":{"line":108,"column":31}},{"start":{"line":108,"column":35},"end":{"line":108,"column":81}}],"line":108},"5":{"loc":{"start":{"line":110,"column":8},"end":{"line":127,"column":null}},"type":"if","locations":[{"start":{"line":110,"column":8},"end":{"line":127,"column":null}},{"start":{},"end":{}}],"line":110},"6":{"loc":{"start":{"line":115,"column":12},"end":{"line":119,"column":null}},"type":"if","locations":[{"start":{"line":115,"column":12},"end":{"line":119,"column":null}},{"start":{"line":117,"column":19},"end":{"line":119,"column":null}}],"line":115},"7":{"loc":{"start":{"line":117,"column":19},"end":{"line":119,"column":null}},"type":"if","locations":[{"start":{"line":117,"column":19},"end":{"line":119,"column":null}},{"start":{},"end":{}}],"line":117},"8":{"loc":{"start":{"line":153,"column":8},"end":{"line":153,"column":null}},"type":"if","locations":[{"start":{"line":153,"column":8},"end":{"line":153,"column":null}},{"start":{},"end":{}}],"line":153},"9":{"loc":{"start":{"line":175,"column":29},"end":{"line":175,"column":59}},"type":"binary-expr","locations":[{"start":{"line":175,"column":29},"end":{"line":175,"column":43}},{"start":{"line":175,"column":47},"end":{"line":175,"column":59}}],"line":175},"10":{"loc":{"start":{"line":175,"column":73},"end":{"line":175,"column":130}},"type":"binary-expr","locations":[{"start":{"line":175,"column":73},"end":{"line":175,"column":97}},{"start":{"line":175,"column":101},"end":{"line":175,"column":130}}],"line":175},"11":{"loc":{"start":{"line":177,"column":4},"end":{"line":180,"column":null}},"type":"if","locations":[{"start":{"line":177,"column":4},"end":{"line":180,"column":null}},{"start":{},"end":{}}],"line":177},"12":{"loc":{"start":{"line":188,"column":8},"end":{"line":188,"column":null}},"type":"if","locations":[{"start":{"line":188,"column":8},"end":{"line":188,"column":null}},{"start":{},"end":{}}],"line":188},"13":{"loc":{"start":{"line":218,"column":4},"end":{"line":219,"column":null}},"type":"if","locations":[{"start":{"line":218,"column":4},"end":{"line":219,"column":null}},{"start":{"line":219,"column":9},"end":{"line":219,"column":null}}],"line":218},"14":{"loc":{"start":{"line":223,"column":4},"end":{"line":226,"column":null}},"type":"if","locations":[{"start":{"line":223,"column":4},"end":{"line":226,"column":null}},{"start":{},"end":{}}],"line":223},"15":{"loc":{"start":{"line":232,"column":4},"end":{"line":235,"column":null}},"type":"if","locations":[{"start":{"line":232,"column":4},"end":{"line":235,"column":null}},{"start":{},"end":{}}],"line":232}},"s":{"0":1,"1":1,"2":1,"3":0,"4":0,"5":0,"6":0,"7":0,"8":0,"9":0,"10":0,"11":0,"12":0,"13":0,"14":0,"15":0,"16":0,"17":0,"18":0,"19":0,"20":0,"21":0,"22":0,"23":0,"24":0,"25":0,"26":0,"27":0,"28":1,"29":1,"30":1,"31":1,"32":1,"33":1,"34":1,"35":1,"36":1,"37":1,"38":1,"39":1,"40":1,"41":1,"42":1,"43":1,"44":0,"45":0,"46":0,"47":0,"48":0,"49":0,"50":0,"51":0,"52":0,"53":0,"54":0,"55":0,"56":0,"57":0,"58":0,"59":0,"60":0,"61":0,"62":0,"63":0,"64":0,"65":0,"66":0,"67":0,"68":0,"69":0,"70":0,"71":0,"72":0,"73":0,"74":0,"75":0,"76":0,"77":0,"78":0,"79":1,"80":1,"81":1,"82":1,"83":1,"84":1,"85":1,"86":1,"87":1,"88":1,"89":5,"90":5,"91":1,"92":1,"93":1,"94":1,"95":1,"96":1,"97":1,"98":1,"99":1,"100":1,"101":1,"102":1,"103":1,"104":1,"105":0,"106":0,"107":0,"108":1,"109":0,"110":0,"111":0,"112":1,"113":0,"114":1,"115":0,"116":0,"117":0,"118":0,"119":1,"120":1,"121":5,"122":0},"f":{"0":0,"1":0,"2":1,"3":1,"4":1,"5":0,"6":0,"7":1,"8":5,"9":1,"10":1,"11":0,"12":0,"13":0,"14":0,"15":5,"16":0},"b":{"0":[0,0],"1":[0,0],"2":[0,0],"3":[0],"4":[0,0],"5":[0,0],"6":[0,0],"7":[0,0],"8":[0,0],"9":[1,0],"10":[1,0],"11":[1,0],"12":[1,4],"13":[0,0],"14":[0,0],"15":[0,0]},"meta":{"lastBranch":16,"lastFunction":17,"lastStatement":123,"seen":{"s:11:12:11:16":0,"s:13:19:13:58":1,"s:14:25:14:29":2,"f:16:15:16:23":0,"b:17:4:17:Infinity:undefined:undefined:undefined:undefined":0,"s:17:4:17:Infinity":3,"s:17:15:17:Infinity":4,"s:18:4:27:Infinity":5,"s:19:25:19:51":6,"s:20:21:20:42":7,"b:21:8:24:Infinity:undefined:undefined:undefined:undefined":1,"s:21:8:24:Infinity":8,"s:22:12:22:Infinity":9,"s:23:12:23:Infinity":10,"s:26:8:26:Infinity":11,"s:28:4:28:Infinity":12,"f:32:15:32:35":1,"b:33:4:33:Infinity:undefined:undefined:undefined:undefined":2,"s:33:4:33:Infinity":13,"s:33:28:33:Infinity":14,"s:35:23:35:39":15,"s:38:28:43:5":16,"s:45:4:45:Infinity":17,"s:47:4:61:Infinity":18,"s:48:8:60:Infinity":19,"s:49:12:49:Infinity":20,"s:50:26:50:72":21,"s:53:12:53:Infinity":22,"s:55:12:55:Infinity":23,"s:56:12:56:Infinity":24,"s:57:12:57:Infinity":25,"s:59:12:59:Infinity":26,"s:64:4:64:Infinity":27,"s:68:17:68:52":28,"s:69:18:69:54":29,"s:70:19:70:56":30,"s:71:19:71:56":31,"s:72:19:72:56":32,"s:73:17:73:52":33,"s:74:21:74:60":34,"s:75:17:75:52":35,"s:76:19:76:56":36,"s:77:19:77:60":37,"s:79:19:79:23":38,"f:82:15:82:35":2,"s:83:19:83:35":39,"s:84:4:94:Infinity":40,"f:84:23:84:24":3,"s:85:8:92:Infinity":41,"f:85:27:85:28":4,"s:86:12:91:Infinity":42,"s:93:8:93:Infinity":43,"f:98:15:98:24":5,"b:98:38:98:40":3,"s:99:4:99:Infinity":44,"s:100:4:100:Infinity":45,"s:101:4:101:Infinity":46,"s:103:4:168:Infinity":47,"s:104:8:104:Infinity":48,"s:105:22:105:50":49,"s:107:8:107:Infinity":50,"s:108:20:108:82":51,"b:108:21:108:31:108:35:108:81":4,"b:110:8:127:Infinity:undefined:undefined:undefined:undefined":5,"s:110:8:127:Infinity":52,"s:112:26:112:70":53,"b:115:12:119:Infinity:117:19:119:Infinity":6,"s:115:12:119:Infinity":54,"s:116:16:116:Infinity":55,"b:117:19:119:Infinity:undefined:undefined:undefined:undefined":7,"s:117:19:119:Infinity":56,"s:118:16:118:Infinity":57,"s:122:12:122:Infinity":58,"s:123:12:123:Infinity":59,"s:125:29:125:69":60,"s:126:12:126:Infinity":61,"s:130:8:130:Infinity":62,"s:131:8:131:Infinity":63,"s:133:8:133:Infinity":64,"s:135:23:146:10":65,"s:148:23:148:70":66,"s:149:29:149:51":67,"s:152:26:152:59":68,"b:153:8:153:Infinity:undefined:undefined:undefined:undefined":8,"s:153:8:153:Infinity":69,"s:153:24:153:Infinity":70,"s:155:21:155:45":71,"s:156:8:156:Infinity":72,"s:159:8:159:Infinity":73,"s:161:8:161:Infinity":74,"s:162:8:162:Infinity":75,"s:164:8:167:Infinity":76,"f:164:19:164:20":6,"s:165:12:165:Infinity":77,"s:166:12:166:Infinity":78,"f:171:9:171:17":7,"s:172:4:172:Infinity":79,"s:175:18:175:132":80,"b:175:29:175:43:175:47:175:59":9,"b:175:73:175:97:175:101:175:130":10,"s:176:20:176:54":81,"b:177:4:180:Infinity:undefined:undefined:undefined:undefined":11,"s:177:4:180:Infinity":82,"s:178:8:178:Infinity":83,"s:179:8:179:Infinity":84,"s:182:4:182:Infinity":85,"s:183:4:183:Infinity":86,"s:184:4:184:Infinity":87,"s:186:4:189:Infinity":88,"f:186:23:186:27":8,"s:187:8:187:Infinity":89,"b:188:8:188:Infinity:undefined:undefined:undefined:undefined":12,"s:188:8:188:Infinity":90,"s:188:49:188:Infinity":91,"s:191:4:191:Infinity":92,"s:192:4:203:Infinity":93,"f:192:25:192:28":9,"s:193:20:193:49":94,"s:194:8:194:Infinity":95,"s:195:8:201:Infinity":96,"s:202:8:202:Infinity":97,"s:205:4:205:Infinity":98,"s:206:4:206:Infinity":99,"s:207:4:207:Infinity":100,"f:210:9:210:16":10,"s:211:4:211:Infinity":101,"s:212:4:212:Infinity":102,"s:213:4:213:Infinity":103,"s:217:0:220:Infinity":104,"f:217:37:217:38":11,"b:218:4:219:Infinity:219:9:219:Infinity":13,"s:218:4:219:Infinity":105,"s:218:23:218:Infinity":106,"s:219:9:219:Infinity":107,"s:222:0:227:Infinity":108,"f:222:37:222:38":12,"b:223:4:226:Infinity:undefined:undefined:undefined:undefined":14,"s:223:4:226:Infinity":109,"s:224:8:224:Infinity":110,"s:225:8:225:Infinity":111,"s:229:0:229:Infinity":112,"f:229:38:229:39":13,"s:229:45:229:63":113,"s:230:0:236:Infinity":114,"f:230:34:230:35":14,"s:231:4:231:Infinity":115,"b:232:4:235:Infinity:undefined:undefined:undefined:undefined":15,"s:232:4:235:Infinity":116,"s:233:8:233:Infinity":117,"s:234:8:234:Infinity":118,"s:238:24:317:1":119,"s:319:0:324:Infinity":120,"f:319:19:319:23":15,"s:320:4:323:Infinity":121,"f:320:35:320:36":16,"s:322:8:322:Infinity":122}}}
,"/Users/khushijain/Desktop/AI_promtWars/gcp-orchestrator.js": {"path":"/Users/khushijain/Desktop/AI_promtWars/gcp-orchestrator.js","statementMap":{"0":{"start":{"line":19,"column":4},"end":{"line":19,"column":null}},"1":{"start":{"line":20,"column":4},"end":{"line":20,"column":null}},"2":{"start":{"line":20,"column":27},"end":{"line":20,"column":45}},"3":{"start":{"line":21,"column":4},"end":{"line":21,"column":null}},"4":{"start":{"line":25,"column":4},"end":{"line":25,"column":null}},"5":{"start":{"line":26,"column":4},"end":{"line":26,"column":null}},"6":{"start":{"line":26,"column":27},"end":{"line":26,"column":45}},"7":{"start":{"line":27,"column":4},"end":{"line":27,"column":null}},"8":{"start":{"line":31,"column":4},"end":{"line":31,"column":null}},"9":{"start":{"line":32,"column":4},"end":{"line":32,"column":null}},"10":{"start":{"line":32,"column":27},"end":{"line":32,"column":45}},"11":{"start":{"line":33,"column":4},"end":{"line":33,"column":null}},"12":{"start":{"line":37,"column":4},"end":{"line":37,"column":null}},"13":{"start":{"line":38,"column":4},"end":{"line":38,"column":null}},"14":{"start":{"line":38,"column":27},"end":{"line":38,"column":45}},"15":{"start":{"line":39,"column":4},"end":{"line":39,"column":null}},"16":{"start":{"line":43,"column":4},"end":{"line":43,"column":null}},"17":{"start":{"line":44,"column":4},"end":{"line":44,"column":null}},"18":{"start":{"line":44,"column":27},"end":{"line":44,"column":45}},"19":{"start":{"line":45,"column":4},"end":{"line":45,"column":null}},"20":{"start":{"line":49,"column":4},"end":{"line":49,"column":null}},"21":{"start":{"line":50,"column":4},"end":{"line":50,"column":null}},"22":{"start":{"line":50,"column":27},"end":{"line":50,"column":45}},"23":{"start":{"line":51,"column":4},"end":{"line":51,"column":null}},"24":{"start":{"line":55,"column":4},"end":{"line":55,"column":null}},"25":{"start":{"line":56,"column":4},"end":{"line":56,"column":null}},"26":{"start":{"line":56,"column":27},"end":{"line":56,"column":45}},"27":{"start":{"line":57,"column":4},"end":{"line":57,"column":null}}},"fnMap":{"0":{"name":"uploadToCloudStorage","decl":{"start":{"line":18,"column":22},"end":{"line":18,"column":42}},"loc":{"start":{"line":18,"column":49},"end":{"line":22,"column":null}},"line":18},"1":{"name":"(anonymous_1)","decl":{"start":{"line":20,"column":22},"end":{"line":20,"column":23}},"loc":{"start":{"line":20,"column":27},"end":{"line":20,"column":45}},"line":20},"2":{"name":"publishToPubSub","decl":{"start":{"line":24,"column":22},"end":{"line":24,"column":37}},"loc":{"start":{"line":24,"column":54},"end":{"line":28,"column":null}},"line":24},"3":{"name":"(anonymous_3)","decl":{"start":{"line":26,"column":22},"end":{"line":26,"column":23}},"loc":{"start":{"line":26,"column":27},"end":{"line":26,"column":45}},"line":26},"4":{"name":"runCloudVision","decl":{"start":{"line":30,"column":22},"end":{"line":30,"column":36}},"loc":{"start":{"line":30,"column":44},"end":{"line":34,"column":null}},"line":30},"5":{"name":"(anonymous_5)","decl":{"start":{"line":32,"column":22},"end":{"line":32,"column":23}},"loc":{"start":{"line":32,"column":27},"end":{"line":32,"column":45}},"line":32},"6":{"name":"runSpeechToText","decl":{"start":{"line":36,"column":22},"end":{"line":36,"column":37}},"loc":{"start":{"line":36,"column":45},"end":{"line":40,"column":null}},"line":36},"7":{"name":"(anonymous_7)","decl":{"start":{"line":38,"column":22},"end":{"line":38,"column":23}},"loc":{"start":{"line":38,"column":27},"end":{"line":38,"column":45}},"line":38},"8":{"name":"analyzeWithVertexAI","decl":{"start":{"line":42,"column":22},"end":{"line":42,"column":41}},"loc":{"start":{"line":42,"column":51},"end":{"line":46,"column":null}},"line":42},"9":{"name":"(anonymous_9)","decl":{"start":{"line":44,"column":22},"end":{"line":44,"column":23}},"loc":{"start":{"line":44,"column":27},"end":{"line":44,"column":45}},"line":44},"10":{"name":"queryBigQuery","decl":{"start":{"line":48,"column":22},"end":{"line":48,"column":35}},"loc":{"start":{"line":48,"column":58},"end":{"line":52,"column":null}},"line":48},"11":{"name":"(anonymous_11)","decl":{"start":{"line":50,"column":22},"end":{"line":50,"column":23}},"loc":{"start":{"line":50,"column":27},"end":{"line":50,"column":45}},"line":50},"12":{"name":"routeWithMapsAPI","decl":{"start":{"line":54,"column":22},"end":{"line":54,"column":38}},"loc":{"start":{"line":54,"column":60},"end":{"line":58,"column":null}},"line":54},"13":{"name":"(anonymous_13)","decl":{"start":{"line":56,"column":22},"end":{"line":56,"column":23}},"loc":{"start":{"line":56,"column":27},"end":{"line":56,"column":45}},"line":56}},"branchMap":{},"s":{"0":0,"1":0,"2":0,"3":0,"4":0,"5":0,"6":0,"7":0,"8":0,"9":0,"10":0,"11":0,"12":0,"13":0,"14":0,"15":0,"16":0,"17":0,"18":0,"19":0,"20":0,"21":0,"22":0,"23":0,"24":0,"25":0,"26":0,"27":0},"f":{"0":0,"1":0,"2":0,"3":0,"4":0,"5":0,"6":0,"7":0,"8":0,"9":0,"10":0,"11":0,"12":0,"13":0},"b":{},"meta":{"lastBranch":0,"lastFunction":14,"lastStatement":28,"seen":{"f:18:22:18:42":0,"s:19:4:19:Infinity":0,"s:20:4:20:Infinity":1,"f:20:22:20:23":1,"s:20:27:20:45":2,"s:21:4:21:Infinity":3,"f:24:22:24:37":2,"s:25:4:25:Infinity":4,"s:26:4:26:Infinity":5,"f:26:22:26:23":3,"s:26:27:26:45":6,"s:27:4:27:Infinity":7,"f:30:22:30:36":4,"s:31:4:31:Infinity":8,"s:32:4:32:Infinity":9,"f:32:22:32:23":5,"s:32:27:32:45":10,"s:33:4:33:Infinity":11,"f:36:22:36:37":6,"s:37:4:37:Infinity":12,"s:38:4:38:Infinity":13,"f:38:22:38:23":7,"s:38:27:38:45":14,"s:39:4:39:Infinity":15,"f:42:22:42:41":8,"s:43:4:43:Infinity":16,"s:44:4:44:Infinity":17,"f:44:22:44:23":9,"s:44:27:44:45":18,"s:45:4:45:Infinity":19,"f:48:22:48:35":10,"s:49:4:49:Infinity":20,"s:50:4:50:Infinity":21,"f:50:22:50:23":11,"s:50:27:50:45":22,"s:51:4:51:Infinity":23,"f:54:22:54:38":12,"s:55:4:55:Infinity":24,"s:56:4:56:Infinity":25,"f:56:22:56:23":13,"s:56:27:56:45":26,"s:57:4:57:Infinity":27}}}
}
